### ISSUE TITLE
Segmentation fault with ipmi hashes

### ISSUE THREAD

**Issue by hatRiot** [openwall/john#389]
```
# john -wordlist:/usr/share/wordlists/rockyou.txt.gz ipmi_hash 
Warning: SAP-F/G format should always be UTF-8.
Convert your input files to UTF-8 and use --encoding=utf8
Loaded 2 password hashes with 2 different salts (SAP CODVN F/G (PASSCODE)        [128/128 SSE2 4x])
Segmentation fault
```

This is on Kali Linux (3.7 i686)

```
run -wordlist:/usr/share/wordlists/rockyou.txt.gz ipmi_hash 
Warning: SAP-F/G format should always be UTF-8.
Convert your input files to UTF-8 and use --encoding=utf8
Loaded 2 password hashes with 2 different salts (SAP CODVN F/G (PASSCODE)         [128/128 SSE2 4x])

Program received signal SIGSEGV, Segmentation fault.
[----------------------------------registers-----------------------------------]
EAX: 0x82e8fc0 --> 0x56426fd0 
EBX: 0x2f14696d 
ECX: 0x82e8fc0 --> 0x56426fd0 
EDX: 0x82e7f4c --> 0x69ad301a 
ESI: 0x84c4b07f 
EDI: 0x4 
EBP: 0x3 
ESP: 0xbfff5f7c --> 0x4 
EIP: 0x8124c04 (paddd  xmm4,XMMWORD PTR [edx])
EFLAGS: 0x210297 (CARRY PARITY ADJUST zero SIGN trap INTERRUPT   direction overflow)
[-------------------------------------code-------------------------------------]
   0x8124bf3:   movapd xmm6,xmm1
   0x8124bf7:   pslld  xmm1,0x1e
   0x8124bfc:   paddd  xmm4,XMMWORD PTR ds:0x81910b0
  => 0x8124c04: paddd  xmm4,XMMWORD PTR [edx]
   0x8124c08:   psrld  xmm6,0x2
   0x8124c0d:   por    xmm1,xmm6
   0x8124c11:   movapd xmm6,xmm0
   0x8124c15:   movapd xmm5,xmm0
[------------------------------------stack-------------------------------------]
0000| 0xbfff5f7c --> 0x4 
0004| 0xbfff5f80 --> 0x84c4b07f 
0008| 0xbfff5f84 --> 0x3 
0012| 0xbfff5f88 --> 0xbfff5f9c --> 0x80e6e9b (mov    ecx,DWORD PTR     [esp+0x60])
0016| 0xbfff5f8c --> 0x2f14696d 
0020| 0xbfff5f90 --> 0x82e7f4c --> 0x69ad301a 
0024| 0xbfff5f94 --> 0x82e8fc0 --> 0x56426fd0 
0028| 0xbfff5f98 --> 0x82e8fc0 --> 0x56426fd0 
[------------------------------------------------------------------------------]
Legend: code, data, rodata, value
Stopped reason: SIGSEGV
0x08124c04 in ?? ()
```

Hashes were generated by metasploit's ipmi_hashdump module and are of the format:

```
# cat ipmi_hash 
127.0.0.1
ADMIN:$rakp$[124 chars]$[40 chars]
127.0.0.1
root:$rakp$[124 chars]$[40 chars]
```
